<?xml version="1.0" encoding="UTF-8"?>
<!-- Generated by org.testng.reporters.JUnitXMLReporter -->
<testsuite hostname="Dell" ignored="0" name="Default test(failed)(failed)" tests="1" failures="0" timestamp="2020-11-29T14:33:29 IST" time="0.259" errors="0">
  <testcase name="@BeforeTest launchBrowser" time="-1.606640609593E9" classname="pack.ZHomePageTestCrossBrowser">
    <failure type="org.testng.TestNGException" message="
Parameter &amp;apos;browser&amp;apos; is required by BeforeTest on method launchBrowser but has not been marked @Optional or defined
in D:\Eclipse\BankingFirstApp\test-output\testng-failed.xml">
      <![CDATA[org.testng.TestNGException: 
Parameter 'browser' is required by BeforeTest on method launchBrowser but has not been marked @Optional or defined
in D:\Eclipse\BankingFirstApp\test-output\testng-failed.xml
... Removed 21 stack frames]]>
    </failure>
  </testcase> <!-- @BeforeTest launchBrowser -->
  <testcase name="@BeforeMethod userDetails" time="-1.606640609766E9" classname="pack.ZHomePageTestCrossBrowser">
    <skipped/>
  </testcase> <!-- @BeforeMethod userDetails -->
  <testcase name="@AfterMethod logout" time="-1.606640609798E9" classname="pack.ZHomePageTestCrossBrowser">
    <skipped/>
  </testcase> <!-- @AfterMethod logout -->
  <testcase name="@AfterTest closeBrowser" time="-1.606640609815E9" classname="pack.ZHomePageTestCrossBrowser">
    <skipped/>
  </testcase> <!-- @AfterTest closeBrowser -->
  <testcase name="buyShare_RegularOrder_Intraday_MarketLimitSLSLM" time="0.0" classname="pack.ZHomePageTestCrossBrowser">
    <skipped/>
  </testcase> <!-- buyShare_RegularOrder_Intraday_MarketLimitSLSLM -->
</testsuite> <!-- Default test(failed)(failed) -->
